This file contains any messages produced by compilers while
running configure, to aid debugging if configure makes a mistake.

It was created by voom configure 1.0, which was
generated by GNU Autoconf 2.63.  Invocation command line was

<<<<<<< HEAD
  $ ./configure CXX=g++ CXXFLAGS=-g -O0
=======
  $ ./configure CXX=g++ F77=gfortran CXXFLAGS=-O2 -fopenmp F77FLAGS=-O2 CPPFLAGS=-I /u/local/apps/vtk/5.8.0/include/vtk-5.8/ -Wno-deprecated LDFLAGS=-L/u/local/apps/vtk/5.8.0/lib/vtk-5.8/ --with-blitz-root=/u/local/apps/blitz/current --with-tvmet-root=/u/local/apps/tvmet/current
>>>>>>> sanjayShell

## --------- ##
## Platform. ##
## --------- ##

<<<<<<< HEAD
hostname = login2
=======
hostname = n9920
>>>>>>> sanjayShell
uname -m = x86_64
uname -r = 2.6.32-504.23.4.el6.x86_64
uname -s = Linux
uname -v = #1 SMP Tue Jun 9 20:57:37 UTC 2015

/usr/bin/uname -p = unknown
/bin/uname -X     = unknown

/bin/arch              = x86_64
/usr/bin/arch -k       = unknown
/usr/convex/getsysinfo = unknown
/usr/bin/hostinfo      = unknown
/bin/machine           = unknown
/usr/bin/oslevel       = unknown
/bin/universe          = unknown

PATH: /u/local/intel/11.1/openmpi/1.4.5/bin
PATH: /u/local/cuda/5.0/bin
PATH: /u/local/apps/hyperworks/12.0/altair/scripts
PATH: /u/local/intel/11.1/openmpi/1.4.5/bin
PATH: /u/local/compilers/intel/11.1/080/bin/intel64/
PATH: /u/local/apps/cmake/3.0.2/bin
PATH: /u/local/gcc/4.4.4/apps/vtk/5.8.0/bin
PATH: /home/sanjay/new_gcc/gcc-4.5/bin
PATH: /home/sanjay/new_gcc/gcc-4.5/lib64
PATH: /u/systems/UGE8.0.1/bin/lx-amd64
PATH: /u/local/bin
PATH: /u/local/sbin
PATH: /usr/lib64/qt-3.3/bin
PATH: /usr/local/bin
PATH: /bin
PATH: /usr/bin
PATH: /usr/local/sbin
PATH: /usr/sbin
PATH: /sbin
<<<<<<< HEAD
PATH: /u/home/a/adityapo/bin
=======
PATH: /u/home/s/sanjaydm/Dropbox/hobbies/programming/myscripts
PATH: .
PATH: /u/home/s/sanjaydm/bin
>>>>>>> sanjayShell


## ----------- ##
## Core tests. ##
## ----------- ##

configure:1852: checking for a BSD-compatible install
configure:1920: result: /usr/bin/install -c
configure:1931: checking whether build environment is sane
configure:1991: result: yes
configure:2132: checking for a thread-safe mkdir -p
configure:2171: result: /bin/mkdir -p
configure:2184: checking for gawk
configure:2200: found /bin/gawk
configure:2211: result: gawk
configure:2222: checking whether make sets $(MAKE)
configure:2244: result: yes
configure:2374: checking for ranlib
configure:2390: found /usr/bin/ranlib
configure:2401: result: ranlib
configure:2476: checking for gcc
configure:2492: found /usr/bin/gcc
configure:2503: result: gcc
configure:2735: checking for C compiler version
configure:2743: gcc --version >&5
gcc (GCC) 4.4.7 20120313 (Red Hat 4.4.7-11)
Copyright (C) 2010 Free Software Foundation, Inc.
This is free software; see the source for copying conditions.  There is NO
warranty; not even for MERCHANTABILITY or FITNESS FOR A PARTICULAR PURPOSE.

configure:2747: $? = 0
configure:2754: gcc -v >&5
Using built-in specs.
Target: x86_64-redhat-linux
Configured with: ../configure --prefix=/usr --mandir=/usr/share/man --infodir=/usr/share/info --with-bugurl=http://bugzilla.redhat.com/bugzilla --enable-bootstrap --enable-shared --enable-threads=posix --enable-checking=release --with-system-zlib --enable-__cxa_atexit --disable-libunwind-exceptions --enable-gnu-unique-object --enable-languages=c,c++,objc,obj-c++,java,fortran,ada --enable-java-awt=gtk --disable-dssi --with-java-home=/usr/lib/jvm/java-1.5.0-gcj-1.5.0.0/jre --enable-libgcj-multifile --enable-java-maintainer-mode --with-ecj-jar=/usr/share/java/eclipse-ecj.jar --disable-libjava-multilib --with-ppl --with-cloog --with-tune=generic --with-arch_32=i686 --build=x86_64-redhat-linux
Thread model: posix
gcc version 4.4.7 20120313 (Red Hat 4.4.7-11) (GCC) 
configure:2758: $? = 0
configure:2765: gcc -V >&5
gcc: '-V' option must have argument
configure:2769: $? = 1
configure:2792: checking for C compiler default output file name
configure:2814: gcc  -I /u/local/apps/vtk/5.8.0/include/vtk-5.8/ -Wno-deprecated -L/u/local/apps/vtk/5.8.0/lib/vtk-5.8/ conftest.c  >&5
configure:2818: $? = 0
configure:2856: result: a.out
configure:2875: checking whether the C compiler works
configure:2885: ./a.out
configure:2889: $? = 0
configure:2908: result: yes
configure:2915: checking whether we are cross compiling
configure:2917: result: no
configure:2920: checking for suffix of executables
configure:2927: gcc -o conftest  -I /u/local/apps/vtk/5.8.0/include/vtk-5.8/ -Wno-deprecated -L/u/local/apps/vtk/5.8.0/lib/vtk-5.8/ conftest.c  >&5
configure:2931: $? = 0
configure:2957: result: 
configure:2963: checking for suffix of object files
configure:2989: gcc -c  -I /u/local/apps/vtk/5.8.0/include/vtk-5.8/ -Wno-deprecated conftest.c >&5
configure:2993: $? = 0
configure:3018: result: o
configure:3022: checking whether we are using the GNU C compiler
configure:3051: gcc -c  -I /u/local/apps/vtk/5.8.0/include/vtk-5.8/ -Wno-deprecated conftest.c >&5
configure:3058: $? = 0
configure:3075: result: yes
configure:3084: checking whether gcc accepts -g
configure:3114: gcc -c -g -I /u/local/apps/vtk/5.8.0/include/vtk-5.8/ -Wno-deprecated conftest.c >&5
configure:3121: $? = 0
configure:3222: result: yes
configure:3239: checking for gcc option to accept ISO C89
configure:3313: gcc  -c -g -O2 -I /u/local/apps/vtk/5.8.0/include/vtk-5.8/ -Wno-deprecated conftest.c >&5
configure:3320: $? = 0
configure:3343: result: none needed
configure:3372: checking for style of include used by make
configure:3400: result: GNU
configure:3425: checking dependency style of gcc
configure:3535: result: gcc3
configure:3664: checking for C++ compiler version
configure:3672: g++ --version >&5
g++ (GCC) 4.4.7 20120313 (Red Hat 4.4.7-11)
Copyright (C) 2010 Free Software Foundation, Inc.
This is free software; see the source for copying conditions.  There is NO
warranty; not even for MERCHANTABILITY or FITNESS FOR A PARTICULAR PURPOSE.

configure:3676: $? = 0
configure:3683: g++ -v >&5
Using built-in specs.
Target: x86_64-redhat-linux
Configured with: ../configure --prefix=/usr --mandir=/usr/share/man --infodir=/usr/share/info --with-bugurl=http://bugzilla.redhat.com/bugzilla --enable-bootstrap --enable-shared --enable-threads=posix --enable-checking=release --with-system-zlib --enable-__cxa_atexit --disable-libunwind-exceptions --enable-gnu-unique-object --enable-languages=c,c++,objc,obj-c++,java,fortran,ada --enable-java-awt=gtk --disable-dssi --with-java-home=/usr/lib/jvm/java-1.5.0-gcj-1.5.0.0/jre --enable-libgcj-multifile --enable-java-maintainer-mode --with-ecj-jar=/usr/share/java/eclipse-ecj.jar --disable-libjava-multilib --with-ppl --with-cloog --with-tune=generic --with-arch_32=i686 --build=x86_64-redhat-linux
Thread model: posix
gcc version 4.4.7 20120313 (Red Hat 4.4.7-11) (GCC) 
configure:3687: $? = 0
configure:3694: g++ -V >&5
g++: '-V' option must have argument
configure:3698: $? = 1
configure:3701: checking whether we are using the GNU C++ compiler
<<<<<<< HEAD
configure:3730: g++ -c -g -O0  conftest.cpp >&5
=======
configure:3730: g++ -c -O2 -fopenmp -I /u/local/apps/vtk/5.8.0/include/vtk-5.8/ -Wno-deprecated conftest.cpp >&5
>>>>>>> sanjayShell
configure:3737: $? = 0
configure:3754: result: yes
configure:3763: checking whether g++ accepts -g
configure:3793: g++ -c -g -I /u/local/apps/vtk/5.8.0/include/vtk-5.8/ -Wno-deprecated conftest.cpp >&5
configure:3800: $? = 0
configure:3901: result: yes
configure:3926: checking dependency style of g++
configure:4036: result: gcc3
configure:4114: checking for g77
configure:4130: found /usr/bin/g77
configure:4141: result: g77
configure:4167: checking for Fortran 77 compiler version
configure:4175: g77 --version >&5
GNU Fortran (GCC) 3.4.6 20060404 (Red Hat 3.4.6-19.el6)
Copyright (C) 2006 Free Software Foundation, Inc.

GNU Fortran comes with NO WARRANTY, to the extent permitted by law.
You may redistribute copies of GNU Fortran
under the terms of the GNU General Public License.
For more information about these matters, see the file named COPYING
or type the command `info -f g77 Copying'.
configure:4179: $? = 0
configure:4186: g77 -v >&5
Reading specs from /usr/lib/gcc/x86_64-redhat-linux/3.4.6/specs
Configured with: ../configure --prefix=/usr --mandir=/usr/share/man --infodir=/usr/share/info --enable-shared --enable-threads=posix --disable-checking --with-system-zlib --enable-__cxa_atexit --disable-libunwind-exceptions --enable-languages=c,c++,f77 --disable-libgcj --host=x86_64-redhat-linux
Thread model: posix
gcc version 3.4.6 20060404 (Red Hat 3.4.6-19.el6)
configure:4190: $? = 0
configure:4197: g77 -V >&5
g77: `-V' option must have argument
configure:4201: $? = 1
configure:4209: checking whether we are using the GNU Fortran 77 compiler
configure:4228: g77 -c  conftest.F >&5
configure:4235: $? = 0
configure:4252: result: yes
configure:4258: checking whether g77 accepts -g
configure:4275: g77 -c -g conftest.f >&5
configure:4282: $? = 0
configure:4298: result: yes
configure:4333: checking for doxygen
configure:4349: found /usr/bin/doxygen
configure:4360: result: doxygen
configure:4534: creating ./config.status

## ---------------------- ##
## Running config.status. ##
## ---------------------- ##

This file was extended by voom config.status 1.0, which was
generated by GNU Autoconf 2.63.  Invocation command line was

  CONFIG_FILES    = 
  CONFIG_HEADERS  = 
  CONFIG_LINKS    = 
  CONFIG_COMMANDS = 
  $ ./config.status 

<<<<<<< HEAD
on login2

config.status:797: creating doc/Doxyfile
config.status:797: creating Makefile
config.status:797: creating doc/Makefile
config.status:797: creating src/Makefile
config.status:797: creating src/VoomMath/Makefile
config.status:797: creating src/VoomMath/Test/Makefile
config.status:797: creating src/Mesh/Makefile
config.status:797: creating src/Mesh/Test/Makefile
config.status:797: creating src/Potential/Makefile
config.status:797: creating src/Potential/Test/Makefile
config.status:797: creating src/Material/Makefile
config.status:797: creating src/Material/Test/Makefile
config.status:797: creating src/Source/IonicSource/Makefile
config.status:797: creating src/Source/MechanicsLoad/Makefile
config.status:797: creating src/Quadrature/Makefile
config.status:797: creating src/Quadrature/Test/Makefile
config.status:797: creating src/Shape/Makefile
config.status:797: creating src/Shape/Test/Makefile
config.status:797: creating src/Element/Makefile
config.status:797: creating src/Element/Test/Makefile
config.status:797: creating src/Model/Makefile
config.status:797: creating src/Model/Test/Makefile
config.status:797: creating src/Solver/Makefile
config.status:797: creating src/Solver/Test/Makefile
config.status:797: creating src/Applications/TestBVP/Makefile
config.status:797: creating src/Applications/PassiveLV/Makefile
config.status:797: creating src/Utils/inpParser/Makefile
config.status:797: creating src/config.h
config.status:1019: src/config.h is unchanged
config.status:1071: executing depfiles commands
=======
on n9920

config.status:793: creating doc/Doxyfile
config.status:793: creating Makefile
config.status:793: creating doc/Makefile
config.status:793: creating src/Makefile
config.status:793: creating src/VoomMath/Makefile
config.status:793: creating src/VoomMath/Test/Makefile
config.status:793: creating src/Mesh/Makefile
config.status:793: creating src/Mesh/Test/Makefile
config.status:793: creating src/Material/Makefile
config.status:793: creating src/Material/Test/Makefile
config.status:793: creating src/Source/IonicSource/Makefile
config.status:793: creating src/Source/MechanicsLoad/Makefile
config.status:793: creating src/Quadrature/Makefile
config.status:793: creating src/Quadrature/Test/Makefile
config.status:793: creating src/Shape/Makefile
config.status:793: creating src/Shape/Test/Makefile
config.status:793: creating src/Element/Makefile
config.status:793: creating src/Element/Test/Makefile
config.status:793: creating src/Model/Makefile
config.status:793: creating src/Model/Test/Makefile
config.status:793: creating src/Solver/Makefile
config.status:793: creating src/Solver/Test/Makefile
config.status:793: creating src/Utils/inpParser/Makefile
config.status:793: creating src/config.h
config.status:1015: src/config.h is unchanged
config.status:1067: executing depfiles commands
configure:5888: WARNING: unrecognized options: --with-blitz-root, --with-tvmet-root
>>>>>>> sanjayShell

## ---------------- ##
## Cache variables. ##
## ---------------- ##

ac_cv_c_compiler_gnu=yes
ac_cv_cxx_compiler_gnu=yes
ac_cv_env_CCC_set=
ac_cv_env_CCC_value=
ac_cv_env_CC_set=
ac_cv_env_CC_value=
ac_cv_env_CFLAGS_set=
ac_cv_env_CFLAGS_value=
ac_cv_env_CPPFLAGS_set=set
ac_cv_env_CPPFLAGS_value='-I /u/local/apps/vtk/5.8.0/include/vtk-5.8/ -Wno-deprecated'
ac_cv_env_CXXFLAGS_set=set
<<<<<<< HEAD
ac_cv_env_CXXFLAGS_value='-g -O0'
=======
ac_cv_env_CXXFLAGS_value='-O2 -fopenmp'
>>>>>>> sanjayShell
ac_cv_env_CXX_set=set
ac_cv_env_CXX_value=g++
ac_cv_env_F77_set=
ac_cv_env_F77_value=
ac_cv_env_FFLAGS_set=
ac_cv_env_FFLAGS_value=
ac_cv_env_LDFLAGS_set=set
ac_cv_env_LDFLAGS_value=-L/u/local/apps/vtk/5.8.0/lib/vtk-5.8/
ac_cv_env_LIBS_set=
ac_cv_env_LIBS_value=
ac_cv_env_build_alias_set=
ac_cv_env_build_alias_value=
ac_cv_env_host_alias_set=
ac_cv_env_host_alias_value=
ac_cv_env_target_alias_set=
ac_cv_env_target_alias_value=
ac_cv_f77_compiler_gnu=yes
ac_cv_objext=o
ac_cv_path_install='/usr/bin/install -c'
ac_cv_path_mkdir=/bin/mkdir
ac_cv_prog_AWK=gawk
ac_cv_prog_DOXYGEN=doxygen
ac_cv_prog_ac_ct_CC=gcc
ac_cv_prog_ac_ct_F77=g77
ac_cv_prog_ac_ct_RANLIB=ranlib
ac_cv_prog_cc_c89=
ac_cv_prog_cc_g=yes
ac_cv_prog_cxx_g=yes
ac_cv_prog_f77_g=yes
ac_cv_prog_make_make_set=yes
am_cv_CC_dependencies_compiler_type=gcc3
am_cv_CXX_dependencies_compiler_type=gcc3

## ----------------- ##
## Output variables. ##
## ----------------- ##

<<<<<<< HEAD
ACLOCAL='${SHELL} /u/home/a/adityapo/Research/voom2/missing --run aclocal-1.11'
AMDEPBACKSLASH='\'
AMDEP_FALSE='#'
AMDEP_TRUE=''
AMTAR='${SHELL} /u/home/a/adityapo/Research/voom2/missing --run tar'
AUTOCONF='${SHELL} /u/home/a/adityapo/Research/voom2/missing --run autoconf'
AUTOHEADER='${SHELL} /u/home/a/adityapo/Research/voom2/missing --run autoheader'
AUTOMAKE='${SHELL} /u/home/a/adityapo/Research/voom2/missing --run automake-1.11'
=======
ACLOCAL='${SHELL} /u/home/s/sanjaydm/voom2/missing --run aclocal-1.11'
AMDEPBACKSLASH='\'
AMDEP_FALSE='#'
AMDEP_TRUE=''
AMTAR='${SHELL} /u/home/s/sanjaydm/voom2/missing --run tar'
AUTOCONF='${SHELL} /u/home/s/sanjaydm/voom2/missing --run autoconf'
AUTOHEADER='${SHELL} /u/home/s/sanjaydm/voom2/missing --run autoheader'
AUTOMAKE='${SHELL} /u/home/s/sanjaydm/voom2/missing --run automake-1.11'
>>>>>>> sanjayShell
AWK='gawk'
CC='gcc'
CCDEPMODE='depmode=gcc3'
CFLAGS='-g -O2'
CPPFLAGS='-I /u/local/apps/vtk/5.8.0/include/vtk-5.8/ -Wno-deprecated'
CXX='g++'
CXXDEPMODE='depmode=gcc3'
<<<<<<< HEAD
CXXFLAGS='-g -O0'
=======
CXXFLAGS='-O2 -fopenmp'
>>>>>>> sanjayShell
CYGPATH_W='echo'
DEFS='-DHAVE_CONFIG_H'
DEPDIR='.deps'
DOXYGEN='doxygen'
ECHO_C=''
ECHO_N='-n'
ECHO_T=''
EXEEXT=''
F77='g77'
FFLAGS='-g -O2'
HAVE_DOXYGEN_FALSE='#'
HAVE_DOXYGEN_TRUE=''
INSTALL_DATA='${INSTALL} -m 644'
INSTALL_PROGRAM='${INSTALL}'
INSTALL_SCRIPT='${INSTALL}'
INSTALL_STRIP_PROGRAM='$(install_sh) -c -s'
LDFLAGS='-L/u/local/apps/vtk/5.8.0/lib/vtk-5.8/'
LIBOBJS=''
LIBS=''
LTLIBOBJS=''
<<<<<<< HEAD
MAKEINFO='${SHELL} /u/home/a/adityapo/Research/voom2/missing --run makeinfo'
=======
MAKEINFO='${SHELL} /u/home/s/sanjaydm/voom2/missing --run makeinfo'
>>>>>>> sanjayShell
MKDIR_P='/bin/mkdir -p'
OBJEXT='o'
PACKAGE='voom'
PACKAGE_BUGREPORT='klug@ucla.edu'
PACKAGE_NAME='voom'
PACKAGE_STRING='voom 1.0'
PACKAGE_TARNAME='voom'
PACKAGE_VERSION='1.0'
PATH_SEPARATOR=':'
RANLIB='ranlib'
SET_MAKE=''
SHELL='/bin/sh'
STRIP=''
VERSION='1.0'
ac_ct_CC='gcc'
ac_ct_CXX=''
ac_ct_F77='g77'
am__EXEEXT_FALSE=''
am__EXEEXT_TRUE='#'
am__fastdepCC_FALSE='#'
am__fastdepCC_TRUE=''
am__fastdepCXX_FALSE='#'
am__fastdepCXX_TRUE=''
am__include='include'
am__isrc=''
am__leading_dot='.'
am__quote=''
am__tar='${AMTAR} chof - "$$tardir"'
am__untar='${AMTAR} xf -'
bindir='${exec_prefix}/bin'
build_alias=''
datadir='${datarootdir}'
datarootdir='${prefix}/share'
docdir='${datarootdir}/doc/${PACKAGE_TARNAME}'
dvidir='${docdir}'
exec_prefix='${prefix}'
host_alias=''
htmldir='${docdir}'
includedir='${prefix}/include'
infodir='${datarootdir}/info'
<<<<<<< HEAD
install_sh='${SHELL} /u/home/a/adityapo/Research/voom2/install-sh'
=======
install_sh='${SHELL} /u/home/s/sanjaydm/voom2/install-sh'
>>>>>>> sanjayShell
libdir='${exec_prefix}/lib'
libexecdir='${exec_prefix}/libexec'
localedir='${datarootdir}/locale'
localstatedir='${prefix}/var'
mandir='${datarootdir}/man'
mkdir_p='/bin/mkdir -p'
oldincludedir='/usr/include'
pdfdir='${docdir}'
prefix='/usr/local'
program_transform_name='s,x,x,'
psdir='${docdir}'
sbindir='${exec_prefix}/sbin'
sharedstatedir='${prefix}/com'
sysconfdir='${prefix}/etc'
target_alias=''

## ----------- ##
## confdefs.h. ##
## ----------- ##

#define PACKAGE_NAME "voom"
#define PACKAGE_TARNAME "voom"
#define PACKAGE_VERSION "1.0"
#define PACKAGE_STRING "voom 1.0"
#define PACKAGE_BUGREPORT "klug@ucla.edu"
#define PACKAGE "voom"
#define VERSION "1.0"

configure: exit 0
<<<<<<< HEAD
=======

## ---------------------- ##
## Running config.status. ##
## ---------------------- ##

This file was extended by voom config.status 1.0, which was
generated by GNU Autoconf 2.63.  Invocation command line was

  CONFIG_FILES    = 
  CONFIG_HEADERS  = 
  CONFIG_LINKS    = 
  CONFIG_COMMANDS = 
  $ ./config.status src/Solver/Makefile depfiles

on n2179

config.status:793: creating src/Solver/Makefile
config.status:1067: executing depfiles commands
>>>>>>> sanjayShell
